<?xml version="1.0" encoding="UTF-8"?>
<!-- Generated by org.testng.reporters.JUnitXMLReporter -->
<testsuite ignored="21" hostname="SUBBIAH440G9" failures="0" tests="14" name="ChromeTest" time="51.43" errors="0" timestamp="2025-09-26T13:25:57 IST">
  <testcase classname="testcases.HireSenseTests" name="HireSenseResumeUpload" time="13.949"/>
  <testcase classname="testcases.HireSenseTests" name="LogInVerification" time="0.497"/>
  <testcase classname="testcases.HireSenseTests" name="UploadFileValidation" time="3.77"/>
  <testcase classname="testcases.HireSenseTests" name="resumeUploadUsingPasteOption" time="1.728"/>
  <testcase classname="testcases.TestCase1" name="Login" time="2.78"/>
  <testcase classname="testcases.TestCase2" name="loginApp" time="3.62"/>
  <testcase classname="testcases.TestCase3" name="Login" time="1.22"/>
  <testcase classname="testcases.TestCase4" name="Login" time="0.798"/>
  <testcase classname="testcases.TestCase5" name="Login" time="0.737"/>
  <testcase classname="testcases.TestCase6" name="Login" time="0.779"/>
  <testcase classname="testcases.TestCase7" name="Login" time="0.643"/>
  <testcase classname="testcases.TestCase8" name="Login" time="0.748"/>
  <testcase classname="testcases.TestCase9" name="Login" time="0.619"/>
  <testcase classname="testcases.TestCase10" name="Login" time="0.903"/>
  <testcase classname="docker.DockerListener" name="@BeforeTest onTestStart" time="0.0">
    <ignored/>
  </testcase> <!-- @BeforeTest onTestStart -->
  <testcase classname="testcases.HireSenseTests" name="UploadJobRequisition" time="0.0">
    <ignored/>
  </testcase> <!-- UploadJobRequisition -->
  <testcase classname="docker.DockerListener" name="@AfterTest tearDown" time="0.0">
    <ignored/>
  </testcase> <!-- @AfterTest tearDown -->
  <testcase classname="docker.DockerListener" name="@BeforeTest onTestStart" time="0.0">
    <ignored/>
  </testcase> <!-- @BeforeTest onTestStart -->
  <testcase classname="docker.DockerListener" name="@AfterTest tearDown" time="0.0">
    <ignored/>
  </testcase> <!-- @AfterTest tearDown -->
  <testcase classname="docker.DockerListener" name="@AfterTest tearDown" time="0.0">
    <ignored/>
  </testcase> <!-- @AfterTest tearDown -->
  <testcase classname="docker.DockerListener" name="@BeforeTest onTestStart" time="0.0">
    <ignored/>
  </testcase> <!-- @BeforeTest onTestStart -->
  <testcase classname="docker.DockerListener" name="@BeforeTest onTestStart" time="0.0">
    <ignored/>
  </testcase> <!-- @BeforeTest onTestStart -->
  <testcase classname="docker.DockerListener" name="@AfterTest tearDown" time="0.0">
    <ignored/>
  </testcase> <!-- @AfterTest tearDown -->
  <testcase classname="docker.DockerListener" name="@AfterTest tearDown" time="0.0">
    <ignored/>
  </testcase> <!-- @AfterTest tearDown -->
  <testcase classname="docker.DockerListener" name="@BeforeTest onTestStart" time="0.0">
    <ignored/>
  </testcase> <!-- @BeforeTest onTestStart -->
  <testcase classname="docker.DockerListener" name="@AfterTest tearDown" time="0.0">
    <ignored/>
  </testcase> <!-- @AfterTest tearDown -->
  <testcase classname="docker.DockerListener" name="@BeforeTest onTestStart" time="0.0">
    <ignored/>
  </testcase> <!-- @BeforeTest onTestStart -->
  <testcase classname="docker.DockerListener" name="@BeforeTest onTestStart" time="0.0">
    <ignored/>
  </testcase> <!-- @BeforeTest onTestStart -->
  <testcase classname="docker.DockerListener" name="@AfterTest tearDown" time="0.0">
    <ignored/>
  </testcase> <!-- @AfterTest tearDown -->
  <testcase classname="docker.DockerListener" name="@AfterTest tearDown" time="0.0">
    <ignored/>
  </testcase> <!-- @AfterTest tearDown -->
  <testcase classname="docker.DockerListener" name="@AfterTest tearDown" time="0.0">
    <ignored/>
  </testcase> <!-- @AfterTest tearDown -->
  <testcase classname="docker.DockerListener" name="@AfterTest tearDown" time="0.0">
    <ignored/>
  </testcase> <!-- @AfterTest tearDown -->
  <testcase classname="docker.DockerListener" name="@BeforeTest onTestStart" time="0.0">
    <ignored/>
  </testcase> <!-- @BeforeTest onTestStart -->
  <testcase classname="docker.DockerListener" name="@BeforeTest onTestStart" time="0.0">
    <ignored/>
  </testcase> <!-- @BeforeTest onTestStart -->
  <testcase classname="docker.DockerListener" name="@BeforeTest onTestStart" time="0.0">
    <ignored/>
  </testcase> <!-- @BeforeTest onTestStart -->
</testsuite> <!-- ChromeTest -->
