<?xml version="1.0" encoding="UTF-8"?>
<!-- Generated by org.testng.reporters.JUnitXMLReporter -->
<testsuite ignored="22" hostname="SUBBIAH440G9" failures="0" tests="11" name="ChromeTest" time="48.349" errors="0" timestamp="2025-09-20T20:09:08 IST">
  <testcase classname="testcases.HireSenseLogin" name="HireSenseLogIn" time="11.105"/>
  <testcase classname="testcases.TestCase1" name="Login" time="3.164"/>
  <testcase classname="testcases.TestCase2" name="loginApp" time="3.758"/>
  <testcase classname="testcases.TestCase3" name="Login" time="1.711"/>
  <testcase classname="testcases.TestCase4" name="Login" time="1.232"/>
  <testcase classname="testcases.TestCase5" name="Login" time="1.024"/>
  <testcase classname="testcases.TestCase6" name="Login" time="1.178"/>
  <testcase classname="testcases.TestCase7" name="Login" time="1.093"/>
  <testcase classname="testcases.TestCase8" name="Login" time="0.86"/>
  <testcase classname="testcases.TestCase9" name="Login" time="0.479"/>
  <testcase classname="testcases.TestCase10" name="Login" time="0.52"/>
  <testcase classname="docker.DockerListener" name="@BeforeTest onTestStart" time="0.0">
    <ignored/>
  </testcase> <!-- @BeforeTest onTestStart -->
  <testcase classname="docker.DockerListener" name="@AfterTest tearDown" time="0.0">
    <ignored/>
  </testcase> <!-- @AfterTest tearDown -->
  <testcase classname="docker.DockerListener" name="@BeforeTest onTestStart" time="0.0">
    <ignored/>
  </testcase> <!-- @BeforeTest onTestStart -->
  <testcase classname="docker.DockerListener" name="@AfterTest tearDown" time="0.0">
    <ignored/>
  </testcase> <!-- @AfterTest tearDown -->
  <testcase classname="docker.DockerListener" name="@AfterTest tearDown" time="0.0">
    <ignored/>
  </testcase> <!-- @AfterTest tearDown -->
  <testcase classname="docker.DockerListener" name="@BeforeTest onTestStart" time="0.0">
    <ignored/>
  </testcase> <!-- @BeforeTest onTestStart -->
  <testcase classname="docker.DockerListener" name="@BeforeTest onTestStart" time="0.0">
    <ignored/>
  </testcase> <!-- @BeforeTest onTestStart -->
  <testcase classname="docker.DockerListener" name="@AfterTest tearDown" time="0.0">
    <ignored/>
  </testcase> <!-- @AfterTest tearDown -->
  <testcase classname="docker.DockerListener" name="@AfterTest tearDown" time="0.0">
    <ignored/>
  </testcase> <!-- @AfterTest tearDown -->
  <testcase classname="docker.DockerListener" name="@BeforeTest onTestStart" time="0.0">
    <ignored/>
  </testcase> <!-- @BeforeTest onTestStart -->
  <testcase classname="testcases.HireSenseLogin" name="UploadFileValidation" time="0.0">
    <ignored/>
  </testcase> <!-- UploadFileValidation -->
  <testcase classname="docker.DockerListener" name="@AfterTest tearDown" time="0.0">
    <ignored/>
  </testcase> <!-- @AfterTest tearDown -->
  <testcase classname="docker.DockerListener" name="@BeforeTest onTestStart" time="0.0">
    <ignored/>
  </testcase> <!-- @BeforeTest onTestStart -->
  <testcase classname="docker.DockerListener" name="@AfterTest tearDown" time="0.0">
    <ignored/>
  </testcase> <!-- @AfterTest tearDown -->
  <testcase classname="docker.DockerListener" name="@AfterTest tearDown" time="0.0">
    <ignored/>
  </testcase> <!-- @AfterTest tearDown -->
  <testcase classname="docker.DockerListener" name="@AfterTest tearDown" time="0.0">
    <ignored/>
  </testcase> <!-- @AfterTest tearDown -->
  <testcase classname="testcases.HireSenseLogin" name="resumeUploadUsingPasteOption" time="0.0">
    <ignored/>
  </testcase> <!-- resumeUploadUsingPasteOption -->
  <testcase classname="docker.DockerListener" name="@AfterTest tearDown" time="0.0">
    <ignored/>
  </testcase> <!-- @AfterTest tearDown -->
  <testcase classname="docker.DockerListener" name="@BeforeTest onTestStart" time="0.0">
    <ignored/>
  </testcase> <!-- @BeforeTest onTestStart -->
  <testcase classname="docker.DockerListener" name="@BeforeTest onTestStart" time="0.0">
    <ignored/>
  </testcase> <!-- @BeforeTest onTestStart -->
  <testcase classname="docker.DockerListener" name="@BeforeTest onTestStart" time="0.0">
    <ignored/>
  </testcase> <!-- @BeforeTest onTestStart -->
  <testcase classname="docker.DockerListener" name="@BeforeTest onTestStart" time="0.0">
    <ignored/>
  </testcase> <!-- @BeforeTest onTestStart -->
</testsuite> <!-- ChromeTest -->
