<?xml version="1.0" encoding="UTF-8"?>
<!-- Generated by org.testng.reporters.JUnitXMLReporter -->
<testsuite ignored="18" hostname="SUBBIAH440G9" failures="0" tests="10" name="EdgeTest" time="39.829" errors="0" timestamp="2025-09-20T20:09:00 IST">
  <testcase classname="testcases.TestCase1" name="Login" time="2.924"/>
  <testcase classname="testcases.TestCase2" name="loginApp" time="3.594"/>
  <testcase classname="testcases.TestCase3" name="Login" time="1.216"/>
  <testcase classname="testcases.TestCase4" name="Login" time="1.532"/>
  <testcase classname="testcases.TestCase5" name="Login" time="1.599"/>
  <testcase classname="testcases.TestCase6" name="Login" time="2.352"/>
  <testcase classname="testcases.TestCase7" name="Login" time="1.741"/>
  <testcase classname="testcases.TestCase8" name="Login" time="1.257"/>
  <testcase classname="testcases.TestCase9" name="Login" time="1.135"/>
  <testcase classname="testcases.TestCase10" name="Login" time="1.302"/>
  <testcase classname="docker.DockerListener" name="@BeforeTest onTestStart" time="0.0">
    <ignored/>
  </testcase> <!-- @BeforeTest onTestStart -->
  <testcase classname="docker.DockerListener" name="@BeforeTest onTestStart" time="0.0">
    <ignored/>
  </testcase> <!-- @BeforeTest onTestStart -->
  <testcase classname="docker.DockerListener" name="@BeforeTest onTestStart" time="0.0">
    <ignored/>
  </testcase> <!-- @BeforeTest onTestStart -->
  <testcase classname="docker.DockerListener" name="@AfterTest tearDown" time="0.0">
    <ignored/>
  </testcase> <!-- @AfterTest tearDown -->
  <testcase classname="docker.DockerListener" name="@AfterTest tearDown" time="0.0">
    <ignored/>
  </testcase> <!-- @AfterTest tearDown -->
  <testcase classname="docker.DockerListener" name="@BeforeTest onTestStart" time="0.0">
    <ignored/>
  </testcase> <!-- @BeforeTest onTestStart -->
  <testcase classname="docker.DockerListener" name="@AfterTest tearDown" time="0.0">
    <ignored/>
  </testcase> <!-- @AfterTest tearDown -->
  <testcase classname="docker.DockerListener" name="@AfterTest tearDown" time="0.0">
    <ignored/>
  </testcase> <!-- @AfterTest tearDown -->
  <testcase classname="docker.DockerListener" name="@AfterTest tearDown" time="0.0">
    <ignored/>
  </testcase> <!-- @AfterTest tearDown -->
  <testcase classname="docker.DockerListener" name="@AfterTest tearDown" time="0.0">
    <ignored/>
  </testcase> <!-- @AfterTest tearDown -->
  <testcase classname="docker.DockerListener" name="@AfterTest tearDown" time="0.0">
    <ignored/>
  </testcase> <!-- @AfterTest tearDown -->
  <testcase classname="docker.DockerListener" name="@BeforeTest onTestStart" time="0.0">
    <ignored/>
  </testcase> <!-- @BeforeTest onTestStart -->
  <testcase classname="docker.DockerListener" name="@BeforeTest onTestStart" time="0.0">
    <ignored/>
  </testcase> <!-- @BeforeTest onTestStart -->
  <testcase classname="docker.DockerListener" name="@BeforeTest onTestStart" time="0.0">
    <ignored/>
  </testcase> <!-- @BeforeTest onTestStart -->
  <testcase classname="docker.DockerListener" name="@AfterTest tearDown" time="0.0">
    <ignored/>
  </testcase> <!-- @AfterTest tearDown -->
  <testcase classname="docker.DockerListener" name="@BeforeTest onTestStart" time="0.0">
    <ignored/>
  </testcase> <!-- @BeforeTest onTestStart -->
  <testcase classname="docker.DockerListener" name="@AfterTest tearDown" time="0.0">
    <ignored/>
  </testcase> <!-- @AfterTest tearDown -->
  <testcase classname="docker.DockerListener" name="@BeforeTest onTestStart" time="0.0">
    <ignored/>
  </testcase> <!-- @BeforeTest onTestStart -->
</testsuite> <!-- EdgeTest -->
