<?xml version="1.0" encoding="UTF-8"?>
<!-- Generated by org.testng.reporters.JUnitXMLReporter -->
<testsuite ignored="18" hostname="SUBBIAH440G9" failures="0" tests="10" name="EdgeTest" time="22.83" errors="0" timestamp="2025-09-20T18:59:44 IST">
  <testcase classname="testcases.TestCase1" name="Login" time="1.481"/>
  <testcase classname="testcases.TestCase2" name="loginApp" time="3.364"/>
  <testcase classname="testcases.TestCase3" name="Login" time="0.973"/>
  <testcase classname="testcases.TestCase4" name="Login" time="1.226"/>
  <testcase classname="testcases.TestCase5" name="Login" time="0.604"/>
  <testcase classname="testcases.TestCase6" name="Login" time="0.542"/>
  <testcase classname="testcases.TestCase7" name="Login" time="0.572"/>
  <testcase classname="testcases.TestCase8" name="Login" time="0.622"/>
  <testcase classname="testcases.TestCase9" name="Login" time="0.607"/>
  <testcase classname="testcases.TestCase10" name="Login" time="0.71"/>
  <testcase classname="docker.DockerListener" name="@BeforeTest onTestStart" time="0.0">
    <ignored/>
  </testcase> <!-- @BeforeTest onTestStart -->
  <testcase classname="docker.DockerListener" name="@BeforeTest onTestStart" time="0.0">
    <ignored/>
  </testcase> <!-- @BeforeTest onTestStart -->
  <testcase classname="docker.DockerListener" name="@BeforeTest onTestStart" time="0.0">
    <ignored/>
  </testcase> <!-- @BeforeTest onTestStart -->
  <testcase classname="docker.DockerListener" name="@AfterTest tearDown" time="0.0">
    <ignored/>
  </testcase> <!-- @AfterTest tearDown -->
  <testcase classname="docker.DockerListener" name="@AfterTest tearDown" time="0.0">
    <ignored/>
  </testcase> <!-- @AfterTest tearDown -->
  <testcase classname="docker.DockerListener" name="@BeforeTest onTestStart" time="0.0">
    <ignored/>
  </testcase> <!-- @BeforeTest onTestStart -->
  <testcase classname="docker.DockerListener" name="@AfterTest tearDown" time="0.0">
    <ignored/>
  </testcase> <!-- @AfterTest tearDown -->
  <testcase classname="docker.DockerListener" name="@AfterTest tearDown" time="0.0">
    <ignored/>
  </testcase> <!-- @AfterTest tearDown -->
  <testcase classname="docker.DockerListener" name="@AfterTest tearDown" time="0.0">
    <ignored/>
  </testcase> <!-- @AfterTest tearDown -->
  <testcase classname="docker.DockerListener" name="@AfterTest tearDown" time="0.0">
    <ignored/>
  </testcase> <!-- @AfterTest tearDown -->
  <testcase classname="docker.DockerListener" name="@AfterTest tearDown" time="0.0">
    <ignored/>
  </testcase> <!-- @AfterTest tearDown -->
  <testcase classname="docker.DockerListener" name="@BeforeTest onTestStart" time="0.0">
    <ignored/>
  </testcase> <!-- @BeforeTest onTestStart -->
  <testcase classname="docker.DockerListener" name="@BeforeTest onTestStart" time="0.0">
    <ignored/>
  </testcase> <!-- @BeforeTest onTestStart -->
  <testcase classname="docker.DockerListener" name="@BeforeTest onTestStart" time="0.0">
    <ignored/>
  </testcase> <!-- @BeforeTest onTestStart -->
  <testcase classname="docker.DockerListener" name="@AfterTest tearDown" time="0.0">
    <ignored/>
  </testcase> <!-- @AfterTest tearDown -->
  <testcase classname="docker.DockerListener" name="@BeforeTest onTestStart" time="0.0">
    <ignored/>
  </testcase> <!-- @BeforeTest onTestStart -->
  <testcase classname="docker.DockerListener" name="@AfterTest tearDown" time="0.0">
    <ignored/>
  </testcase> <!-- @AfterTest tearDown -->
  <testcase classname="docker.DockerListener" name="@BeforeTest onTestStart" time="0.0">
    <ignored/>
  </testcase> <!-- @BeforeTest onTestStart -->
</testsuite> <!-- EdgeTest -->
