<?xml version="1.0" encoding="UTF-8"?>
<!-- Generated by org.testng.reporters.JUnitXMLReporter -->
<testsuite ignored="18" hostname="SUBBIAH440G9" failures="0" tests="10" name="FirefoxTest" time="43.363" errors="0" timestamp="2025-09-26T13:25:49 IST">
  <testcase classname="testcases.TestCase1" name="Login" time="2.968"/>
  <testcase classname="testcases.TestCase2" name="loginApp" time="3.459"/>
  <testcase classname="testcases.TestCase3" name="Login" time="1.082"/>
  <testcase classname="testcases.TestCase4" name="Login" time="0.932"/>
  <testcase classname="testcases.TestCase5" name="Login" time="1.045"/>
  <testcase classname="testcases.TestCase6" name="Login" time="0.654"/>
  <testcase classname="testcases.TestCase7" name="Login" time="0.953"/>
  <testcase classname="testcases.TestCase8" name="Login" time="0.973"/>
  <testcase classname="testcases.TestCase9" name="Login" time="0.851"/>
  <testcase classname="testcases.TestCase10" name="Login" time="0.875"/>
  <testcase classname="docker.DockerListener" name="@BeforeTest onTestStart" time="0.0">
    <ignored/>
  </testcase> <!-- @BeforeTest onTestStart -->
  <testcase classname="docker.DockerListener" name="@AfterTest tearDown" time="0.0">
    <ignored/>
  </testcase> <!-- @AfterTest tearDown -->
  <testcase classname="docker.DockerListener" name="@BeforeTest onTestStart" time="0.0">
    <ignored/>
  </testcase> <!-- @BeforeTest onTestStart -->
  <testcase classname="docker.DockerListener" name="@AfterTest tearDown" time="0.0">
    <ignored/>
  </testcase> <!-- @AfterTest tearDown -->
  <testcase classname="docker.DockerListener" name="@AfterTest tearDown" time="0.0">
    <ignored/>
  </testcase> <!-- @AfterTest tearDown -->
  <testcase classname="docker.DockerListener" name="@BeforeTest onTestStart" time="0.0">
    <ignored/>
  </testcase> <!-- @BeforeTest onTestStart -->
  <testcase classname="docker.DockerListener" name="@BeforeTest onTestStart" time="0.0">
    <ignored/>
  </testcase> <!-- @BeforeTest onTestStart -->
  <testcase classname="docker.DockerListener" name="@BeforeTest onTestStart" time="0.0">
    <ignored/>
  </testcase> <!-- @BeforeTest onTestStart -->
  <testcase classname="docker.DockerListener" name="@BeforeTest onTestStart" time="0.0">
    <ignored/>
  </testcase> <!-- @BeforeTest onTestStart -->
  <testcase classname="docker.DockerListener" name="@AfterTest tearDown" time="0.0">
    <ignored/>
  </testcase> <!-- @AfterTest tearDown -->
  <testcase classname="docker.DockerListener" name="@BeforeTest onTestStart" time="0.0">
    <ignored/>
  </testcase> <!-- @BeforeTest onTestStart -->
  <testcase classname="docker.DockerListener" name="@BeforeTest onTestStart" time="0.0">
    <ignored/>
  </testcase> <!-- @BeforeTest onTestStart -->
  <testcase classname="docker.DockerListener" name="@AfterTest tearDown" time="0.0">
    <ignored/>
  </testcase> <!-- @AfterTest tearDown -->
  <testcase classname="docker.DockerListener" name="@AfterTest tearDown" time="0.0">
    <ignored/>
  </testcase> <!-- @AfterTest tearDown -->
  <testcase classname="docker.DockerListener" name="@AfterTest tearDown" time="0.0">
    <ignored/>
  </testcase> <!-- @AfterTest tearDown -->
  <testcase classname="docker.DockerListener" name="@BeforeTest onTestStart" time="0.0">
    <ignored/>
  </testcase> <!-- @BeforeTest onTestStart -->
  <testcase classname="docker.DockerListener" name="@AfterTest tearDown" time="0.0">
    <ignored/>
  </testcase> <!-- @AfterTest tearDown -->
  <testcase classname="docker.DockerListener" name="@AfterTest tearDown" time="0.0">
    <ignored/>
  </testcase> <!-- @AfterTest tearDown -->
</testsuite> <!-- FirefoxTest -->
