<?xml version="1.0" encoding="UTF-8"?>
<testng-results ignored="0" total="34" passed="34" failed="0" skipped="0">
  <reporter-output>
  </reporter-output>
  <suite started-at="2025-09-26T13:25:05 IST" name="Suite" finished-at="2025-09-26T13:25:57 IST" duration-ms="51430">
    <groups>
    </groups>
    <test started-at="2025-09-26T13:25:05 IST" name="EdgeTest" finished-at="2025-09-26T13:25:43 IST" duration-ms="37932">
      <class name="testcases.TestCase4">
        <test-method signature="Login()[pri:0, instance:testcases.TestCase4@5b94b04d]" started-at="2025-09-26T13:25:30 IST" name="Login" finished-at="2025-09-26T13:25:31 IST" duration-ms="1449" status="PASS">
          <reporter-output>
          </reporter-output>
        </test-method> <!-- Login -->
      </class> <!-- testcases.TestCase4 -->
      <class name="testcases.TestCase3">
        <test-method signature="Login()[pri:0, instance:testcases.TestCase3@385e9564]" started-at="2025-09-26T13:25:28 IST" name="Login" finished-at="2025-09-26T13:25:29 IST" duration-ms="1730" status="PASS">
          <reporter-output>
          </reporter-output>
        </test-method> <!-- Login -->
      </class> <!-- testcases.TestCase3 -->
      <class name="testcases.TestCase6">
        <test-method signature="Login()[pri:0, instance:testcases.TestCase6@4c39bec8]" started-at="2025-09-26T13:25:33 IST" name="Login" finished-at="2025-09-26T13:25:35 IST" duration-ms="1395" status="PASS">
          <reporter-output>
          </reporter-output>
        </test-method> <!-- Login -->
      </class> <!-- testcases.TestCase6 -->
      <class name="testcases.TestCase5">
        <test-method signature="Login()[pri:0, instance:testcases.TestCase5@8c3b9d]" started-at="2025-09-26T13:25:32 IST" name="Login" finished-at="2025-09-26T13:25:33 IST" duration-ms="833" status="PASS">
          <reporter-output>
          </reporter-output>
        </test-method> <!-- Login -->
      </class> <!-- testcases.TestCase5 -->
      <class name="testcases.TestCase2">
        <test-method signature="loginApp()[pri:0, instance:testcases.TestCase2@291caca8]" started-at="2025-09-26T13:25:23 IST" name="loginApp" finished-at="2025-09-26T13:25:27 IST" duration-ms="4323" status="PASS">
          <reporter-output>
          </reporter-output>
        </test-method> <!-- loginApp -->
      </class> <!-- testcases.TestCase2 -->
      <class name="testcases.TestCase1">
        <test-method is-config="true" signature="onTestStart(org.testng.ITestContext,java.lang.String)[pri:0, instance:testcases.TestCase1@399c4be1]" started-at="2025-09-26T13:25:06 IST" name="onTestStart" finished-at="2025-09-26T13:25:19 IST" duration-ms="13087" status="PASS">
          <params>
            <param index="0">
              <value>
                <![CDATA[org.testng.TestRunner@7690781]]>
              </value>
            </param>
            <param index="1">
              <value>
                <![CDATA[edge]]>
              </value>
            </param>
          </params>
          <reporter-output>
          </reporter-output>
        </test-method> <!-- onTestStart -->
        <test-method signature="Login()[pri:0, instance:testcases.TestCase1@399c4be1]" started-at="2025-09-26T13:25:19 IST" name="Login" finished-at="2025-09-26T13:25:22 IST" duration-ms="3319" status="PASS">
          <reporter-output>
          </reporter-output>
        </test-method> <!-- Login -->
        <test-method is-config="true" signature="tearDown()[pri:0, instance:testcases.TestCase1@399c4be1]" started-at="2025-09-26T13:25:43 IST" name="tearDown" finished-at="2025-09-26T13:25:43 IST" duration-ms="312" status="PASS">
          <reporter-output>
          </reporter-output>
        </test-method> <!-- tearDown -->
      </class> <!-- testcases.TestCase1 -->
      <class name="testcases.TestCase10">
        <test-method signature="Login()[pri:0, instance:testcases.TestCase10@1e178745]" started-at="2025-09-26T13:25:41 IST" name="Login" finished-at="2025-09-26T13:25:42 IST" duration-ms="915" status="PASS">
          <reporter-output>
          </reporter-output>
        </test-method> <!-- Login -->
      </class> <!-- testcases.TestCase10 -->
      <class name="testcases.TestCase8">
        <test-method signature="Login()[pri:0, instance:testcases.TestCase8@7ee8290b]" started-at="2025-09-26T13:25:37 IST" name="Login" finished-at="2025-09-26T13:25:39 IST" duration-ms="1293" status="PASS">
          <reporter-output>
          </reporter-output>
        </test-method> <!-- Login -->
      </class> <!-- testcases.TestCase8 -->
      <class name="testcases.TestCase7">
        <test-method signature="Login()[pri:0, instance:testcases.TestCase7@f79e]" started-at="2025-09-26T13:25:36 IST" name="Login" finished-at="2025-09-26T13:25:37 IST" duration-ms="1267" status="PASS">
          <reporter-output>
          </reporter-output>
        </test-method> <!-- Login -->
      </class> <!-- testcases.TestCase7 -->
      <class name="testcases.TestCase9">
        <test-method signature="Login()[pri:0, instance:testcases.TestCase9@1f59a598]" started-at="2025-09-26T13:25:39 IST" name="Login" finished-at="2025-09-26T13:25:40 IST" duration-ms="965" status="PASS">
          <reporter-output>
          </reporter-output>
        </test-method> <!-- Login -->
      </class> <!-- testcases.TestCase9 -->
    </test> <!-- EdgeTest -->
    <test started-at="2025-09-26T13:25:05 IST" name="FirefoxTest" finished-at="2025-09-26T13:25:49 IST" duration-ms="43363">
      <class name="testcases.TestCase4">
        <test-method signature="Login()[pri:0, instance:testcases.TestCase4@5aebe890]" started-at="2025-09-26T13:25:35 IST" name="Login" finished-at="2025-09-26T13:25:36 IST" duration-ms="932" status="PASS">
          <reporter-output>
          </reporter-output>
        </test-method> <!-- Login -->
      </class> <!-- testcases.TestCase4 -->
      <class name="testcases.TestCase3">
        <test-method signature="Login()[pri:0, instance:testcases.TestCase3@4961f6af]" started-at="2025-09-26T13:25:33 IST" name="Login" finished-at="2025-09-26T13:25:34 IST" duration-ms="1082" status="PASS">
          <reporter-output>
          </reporter-output>
        </test-method> <!-- Login -->
      </class> <!-- testcases.TestCase3 -->
      <class name="testcases.TestCase6">
        <test-method signature="Login()[pri:0, instance:testcases.TestCase6@33c911a1]" started-at="2025-09-26T13:25:39 IST" name="Login" finished-at="2025-09-26T13:25:40 IST" duration-ms="654" status="PASS">
          <reporter-output>
          </reporter-output>
        </test-method> <!-- Login -->
      </class> <!-- testcases.TestCase6 -->
      <class name="testcases.TestCase5">
        <test-method signature="Login()[pri:0, instance:testcases.TestCase5@65d09a04]" started-at="2025-09-26T13:25:37 IST" name="Login" finished-at="2025-09-26T13:25:38 IST" duration-ms="1045" status="PASS">
          <reporter-output>
          </reporter-output>
        </test-method> <!-- Login -->
      </class> <!-- testcases.TestCase5 -->
      <class name="testcases.TestCase2">
        <test-method signature="loginApp()[pri:0, instance:testcases.TestCase2@394df057]" started-at="2025-09-26T13:25:29 IST" name="loginApp" finished-at="2025-09-26T13:25:33 IST" duration-ms="3459" status="PASS">
          <reporter-output>
          </reporter-output>
        </test-method> <!-- loginApp -->
      </class> <!-- testcases.TestCase2 -->
      <class name="testcases.TestCase1">
        <test-method is-config="true" signature="onTestStart(org.testng.ITestContext,java.lang.String)[pri:0, instance:testcases.TestCase1@71e9ddb4]" started-at="2025-09-26T13:25:06 IST" name="onTestStart" finished-at="2025-09-26T13:25:26 IST" duration-ms="19599" status="PASS">
          <params>
            <param index="0">
              <value>
                <![CDATA[org.testng.TestRunner@3246fb96]]>
              </value>
            </param>
            <param index="1">
              <value>
                <![CDATA[firefox]]>
              </value>
            </param>
          </params>
          <reporter-output>
          </reporter-output>
        </test-method> <!-- onTestStart -->
        <test-method signature="Login()[pri:0, instance:testcases.TestCase1@71e9ddb4]" started-at="2025-09-26T13:25:26 IST" name="Login" finished-at="2025-09-26T13:25:29 IST" duration-ms="2968" status="PASS">
          <reporter-output>
          </reporter-output>
        </test-method> <!-- Login -->
        <test-method is-config="true" signature="tearDown()[pri:0, instance:testcases.TestCase1@71e9ddb4]" started-at="2025-09-26T13:25:47 IST" name="tearDown" finished-at="2025-09-26T13:25:49 IST" duration-ms="1844" status="PASS">
          <reporter-output>
          </reporter-output>
        </test-method> <!-- tearDown -->
      </class> <!-- testcases.TestCase1 -->
      <class name="testcases.TestCase10">
        <test-method signature="Login()[pri:0, instance:testcases.TestCase10@6a2f6f80]" started-at="2025-09-26T13:25:45 IST" name="Login" finished-at="2025-09-26T13:25:46 IST" duration-ms="875" status="PASS">
          <reporter-output>
          </reporter-output>
        </test-method> <!-- Login -->
      </class> <!-- testcases.TestCase10 -->
      <class name="testcases.TestCase8">
        <test-method signature="Login()[pri:0, instance:testcases.TestCase8@707194ba]" started-at="2025-09-26T13:25:42 IST" name="Login" finished-at="2025-09-26T13:25:43 IST" duration-ms="973" status="PASS">
          <reporter-output>
          </reporter-output>
        </test-method> <!-- Login -->
      </class> <!-- testcases.TestCase8 -->
      <class name="testcases.TestCase7">
        <test-method signature="Login()[pri:0, instance:testcases.TestCase7@75db5df9]" started-at="2025-09-26T13:25:41 IST" name="Login" finished-at="2025-09-26T13:25:41 IST" duration-ms="953" status="PASS">
          <reporter-output>
          </reporter-output>
        </test-method> <!-- Login -->
      </class> <!-- testcases.TestCase7 -->
      <class name="testcases.TestCase9">
        <test-method signature="Login()[pri:0, instance:testcases.TestCase9@1190200a]" started-at="2025-09-26T13:25:44 IST" name="Login" finished-at="2025-09-26T13:25:45 IST" duration-ms="851" status="PASS">
          <reporter-output>
          </reporter-output>
        </test-method> <!-- Login -->
      </class> <!-- testcases.TestCase9 -->
    </test> <!-- FirefoxTest -->
    <test started-at="2025-09-26T13:25:05 IST" name="ChromeTest" finished-at="2025-09-26T13:25:57 IST" duration-ms="51430">
      <class name="testcases.TestCase4">
        <test-method signature="Login()[pri:0, instance:testcases.TestCase4@15de0b3c]" started-at="2025-09-26T13:25:49 IST" name="Login" finished-at="2025-09-26T13:25:50 IST" duration-ms="798" status="PASS">
          <reporter-output>
          </reporter-output>
        </test-method> <!-- Login -->
      </class> <!-- testcases.TestCase4 -->
      <class name="testcases.TestCase3">
        <test-method signature="Login()[pri:0, instance:testcases.TestCase3@1a677343]" started-at="2025-09-26T13:25:47 IST" name="Login" finished-at="2025-09-26T13:25:48 IST" duration-ms="1220" status="PASS">
          <reporter-output>
          </reporter-output>
        </test-method> <!-- Login -->
      </class> <!-- testcases.TestCase3 -->
      <class name="testcases.TestCase6">
        <test-method signature="Login()[pri:0, instance:testcases.TestCase6@3857f613]" started-at="2025-09-26T13:25:51 IST" name="Login" finished-at="2025-09-26T13:25:52 IST" duration-ms="779" status="PASS">
          <reporter-output>
          </reporter-output>
        </test-method> <!-- Login -->
      </class> <!-- testcases.TestCase6 -->
      <class name="testcases.TestCase5">
        <test-method signature="Login()[pri:0, instance:testcases.TestCase5@489115ef]" started-at="2025-09-26T13:25:50 IST" name="Login" finished-at="2025-09-26T13:25:51 IST" duration-ms="737" status="PASS">
          <reporter-output>
          </reporter-output>
        </test-method> <!-- Login -->
      </class> <!-- testcases.TestCase5 -->
      <class name="testcases.TestCase2">
        <test-method signature="loginApp()[pri:0, instance:testcases.TestCase2@6ed3ccb2]" started-at="2025-09-26T13:25:43 IST" name="loginApp" finished-at="2025-09-26T13:25:47 IST" duration-ms="3620" status="PASS">
          <reporter-output>
          </reporter-output>
        </test-method> <!-- loginApp -->
      </class> <!-- testcases.TestCase2 -->
      <class name="testcases.TestCase1">
        <test-method signature="Login()[pri:0, instance:testcases.TestCase1@74e52ef6]" started-at="2025-09-26T13:25:40 IST" name="Login" finished-at="2025-09-26T13:25:42 IST" duration-ms="2780" status="PASS">
          <reporter-output>
          </reporter-output>
        </test-method> <!-- Login -->
      </class> <!-- testcases.TestCase1 -->
      <class name="testcases.TestCase10">
        <test-method signature="Login()[pri:0, instance:testcases.TestCase10@3bf7ca37]" started-at="2025-09-26T13:25:55 IST" name="Login" finished-at="2025-09-26T13:25:56 IST" duration-ms="903" status="PASS">
          <reporter-output>
          </reporter-output>
        </test-method> <!-- Login -->
      </class> <!-- testcases.TestCase10 -->
      <class name="testcases.TestCase8">
        <test-method signature="Login()[pri:0, instance:testcases.TestCase8@7c6908d7]" started-at="2025-09-26T13:25:53 IST" name="Login" finished-at="2025-09-26T13:25:54 IST" duration-ms="748" status="PASS">
          <reporter-output>
          </reporter-output>
        </test-method> <!-- Login -->
      </class> <!-- testcases.TestCase8 -->
      <class name="testcases.HireSenseTests">
        <test-method is-config="true" signature="onTestStart(org.testng.ITestContext,java.lang.String)[pri:0, instance:testcases.HireSenseTests@3b0090a4]" started-at="2025-09-26T13:25:06 IST" name="onTestStart" finished-at="2025-09-26T13:25:18 IST" duration-ms="12060" status="PASS">
          <params>
            <param index="0">
              <value>
                <![CDATA[org.testng.TestRunner@77eca502]]>
              </value>
            </param>
            <param index="1">
              <value>
                <![CDATA[chrome]]>
              </value>
            </param>
          </params>
          <reporter-output>
          </reporter-output>
        </test-method> <!-- onTestStart -->
        <test-method signature="HireSenseResumeUpload()[pri:0, instance:testcases.HireSenseTests@3b0090a4]" started-at="2025-09-26T13:25:18 IST" name="HireSenseResumeUpload" finished-at="2025-09-26T13:25:32 IST" duration-ms="13949" status="PASS">
          <reporter-output>
          </reporter-output>
        </test-method> <!-- HireSenseResumeUpload -->
        <test-method signature="LogInVerification()[pri:0, instance:testcases.HireSenseTests@3b0090a4]" started-at="2025-09-26T13:25:32 IST" name="LogInVerification" finished-at="2025-09-26T13:25:33 IST" duration-ms="497" status="PASS">
          <reporter-output>
          </reporter-output>
        </test-method> <!-- LogInVerification -->
        <test-method signature="UploadFileValidation()[pri:0, instance:testcases.HireSenseTests@3b0090a4]" started-at="2025-09-26T13:25:33 IST" name="UploadFileValidation" finished-at="2025-09-26T13:25:37 IST" duration-ms="3770" status="PASS">
          <reporter-output>
          </reporter-output>
        </test-method> <!-- UploadFileValidation -->
        <test-method signature="resumeUploadUsingPasteOption()[pri:0, instance:testcases.HireSenseTests@3b0090a4]" started-at="2025-09-26T13:25:38 IST" name="resumeUploadUsingPasteOption" finished-at="2025-09-26T13:25:39 IST" duration-ms="1728" status="PASS">
          <reporter-output>
          </reporter-output>
        </test-method> <!-- resumeUploadUsingPasteOption -->
        <test-method is-config="true" signature="tearDown()[pri:0, instance:testcases.HireSenseTests@3b0090a4]" started-at="2025-09-26T13:25:56 IST" name="tearDown" finished-at="2025-09-26T13:25:57 IST" duration-ms="164" status="PASS">
          <reporter-output>
          </reporter-output>
        </test-method> <!-- tearDown -->
      </class> <!-- testcases.HireSenseTests -->
      <class name="testcases.TestCase7">
        <test-method signature="Login()[pri:0, instance:testcases.TestCase7@198b6731]" started-at="2025-09-26T13:25:52 IST" name="Login" finished-at="2025-09-26T13:25:53 IST" duration-ms="643" status="PASS">
          <reporter-output>
          </reporter-output>
        </test-method> <!-- Login -->
      </class> <!-- testcases.TestCase7 -->
      <class name="testcases.TestCase9">
        <test-method signature="Login()[pri:0, instance:testcases.TestCase9@3c9754d8]" started-at="2025-09-26T13:25:54 IST" name="Login" finished-at="2025-09-26T13:25:55 IST" duration-ms="619" status="PASS">
          <reporter-output>
          </reporter-output>
        </test-method> <!-- Login -->
      </class> <!-- testcases.TestCase9 -->
    </test> <!-- ChromeTest -->
  </suite> <!-- Suite -->
</testng-results>
